26-Jun-2022-INFO-file_logger-check logger console
26-Jun-2022-DEBUG-file_logger-check logger console
26-Jun-2022-WARNING-file_logger-check logger console
26-Jun-2022-ERROR-file_logger-check logger console
26-Jun-2022-CRITICAL-file_logger-check logger console
26-Jun-2022-INFO-file_logger-probando logger file
26-Jun-2022-DEBUG-file_logger-probando logger file
26-Jun-2022-WARNING-file_logger-probando logger file
26-Jun-2022-ERROR-file_logger-probando logger file
26-Jun-2022-CRITICAL-file_logger-probando logger file
26-Jun-2022-INFO-file_logger-check logger console
26-Jun-2022-DEBUG-file_logger-check logger console
26-Jun-2022-WARNING-file_logger-check logger console
26-Jun-2022-ERROR-file_logger-check logger console
26-Jun-2022-CRITICAL-file_logger-check logger console
26-Jun-2022-INFO-file_logger-check logger file
26-Jun-2022-DEBUG-file_logger-check logger file
26-Jun-2022-WARNING-file_logger-check logger file
26-Jun-2022-ERROR-file_logger-check logger file
26-Jun-2022-CRITICAL-file_logger-check logger file
26-Jun-2022-INFO-file_logger-check logger console
26-Jun-2022-DEBUG-file_logger-check logger console
26-Jun-2022-WARNING-file_logger-check logger console
26-Jun-2022-ERROR-file_logger-check logger console
26-Jun-2022-CRITICAL-file_logger-check logger console
26-Jun-2022-INFO-file_logger-check logger file
26-Jun-2022-DEBUG-file_logger-check logger file
26-Jun-2022-WARNING-file_logger-check logger file
26-Jun-2022-ERROR-file_logger-check logger file
26-Jun-2022-CRITICAL-file_logger-check logger file
